<?xml version="1.0" encoding="UTF-8"?>
<!-- Generated by org.testng.reporters.JUnitXMLReporter -->
<testsuite ignored="6" hostname="DESKTOP-IAN32KQ" failures="0" tests="4" name="Test" time="164.981" errors="0" timestamp="2025-05-06T15:32:26 GMT-04:00">
  <testcase classname="testpackage.LoginTest" name="datadriven" time="61.245"/>
  <testcase classname="testpackage.SearchTest" name="function" time="18.24"/>
  <testcase classname="testpackage.SelectionbedTest" name="set" time="40.052"/>
  <testcase classname="testpackage.CheckoutDetailsTest" name="datas" time="21.271"/>
  <testcase classname="basepackage.BaseClass" name="@AfterTest teardown" time="0.0">
    <ignored/>
  </testcase> <!-- @AfterTest teardown -->
  <testcase classname="basepackage.BaseClass" name="@BeforeTest setup" time="0.0">
    <ignored/>
  </testcase> <!-- @BeforeTest setup -->
  <testcase classname="basepackage.BaseClass" name="@AfterTest teardown" time="0.0">
    <ignored/>
  </testcase> <!-- @AfterTest teardown -->
  <testcase classname="basepackage.BaseClass" name="@BeforeTest setup" time="0.0">
    <ignored/>
  </testcase> <!-- @BeforeTest setup -->
  <testcase classname="basepackage.BaseClass" name="@BeforeTest setup" time="0.0">
    <ignored/>
  </testcase> <!-- @BeforeTest setup -->
  <testcase classname="basepackage.BaseClass" name="@AfterTest teardown" time="0.0">
    <ignored/>
  </testcase> <!-- @AfterTest teardown -->
</testsuite> <!-- Test -->
